<?xml version="1.0" encoding="UTF-8"?>
<!-- Generated by org.testng.reporters.JUnitReportReporter -->
<testsuite hostname="FVFHXH6WQ6LR" failures="0" tests="1" name="RequestCollection.Get" time="2.709" errors="0" timestamp="2023-05-16T12:27:40 IST" skipped="0">
  <testcase classname="RequestCollection.Get" name="TC1" time="2.709"/>
  <system-out/>
</testsuite> <!-- RequestCollection.Get -->
