<?xml version="1.0" encoding="UTF-8"?>
<!-- Generated by org.testng.reporters.JUnitReportReporter -->
<testsuite hostname="FVFHXH6WQ6LR" failures="0" tests="1" name="RequestCollection.Post" time="2.751" errors="0" timestamp="2023-05-16T14:23:46 IST" skipped="0">
  <testcase classname="RequestCollection.Post" name="TC1" time="2.751"/>
  <system-out/>
</testsuite> <!-- RequestCollection.Post -->
